<?xml version="1.0" encoding="UTF-8"?>
<testng-results ignored="1" total="26" passed="23" failed="2" skipped="0">
  <reporter-output>
  </reporter-output>
  <suite started-at="2021-08-29T19:18:23 IST" name="Suite" finished-at="2021-08-29T19:19:07 IST" duration-ms="44915">
    <groups>
      <group name="smoke">
        <method signature="demo2.simple1()[pri:0, instance:TestNGpractice.demo2@49c7b90e]" name="simple1" class="TestNGpractice.demo2"/>
        <method signature="demo4.Beforemethod4()[pri:0, instance:TestNGpractice.demo4@4a7f959b]" name="Beforemethod4" class="TestNGpractice.demo4"/>
      </group> <!-- smoke -->
    </groups>
    <test started-at="2021-08-29T19:18:23 IST" name="Test" finished-at="2021-08-29T19:19:07 IST" duration-ms="44915">
      <class name="TestNGpractice.demo2">
        <test-method signature="simple1()[pri:0, instance:TestNGpractice.demo2@49c7b90e]" started-at="2021-08-29T19:18:23 IST" name="simple1" finished-at="2021-08-29T19:18:23 IST" duration-ms="2" status="PASS">
          <reporter-output>
          </reporter-output>
        </test-method> <!-- simple1 -->
        <test-method signature="simple3()[pri:0, instance:TestNGpractice.demo2@49c7b90e]" started-at="2021-08-29T19:18:23 IST" name="simple3" description="Testcase2" finished-at="2021-08-29T19:18:23 IST" duration-ms="1" status="PASS">
          <reporter-output>
          </reporter-output>
        </test-method> <!-- simple3 -->
        <test-method signature="simple4()[pri:1, instance:TestNGpractice.demo2@49c7b90e]" started-at="2021-08-29T19:18:23 IST" name="simple4" finished-at="2021-08-29T19:18:23 IST" duration-ms="3" status="PASS">
          <reporter-output>
          </reporter-output>
        </test-method> <!-- simple4 -->
      </class> <!-- TestNGpractice.demo2 -->
      <class name="TestNGpractice.freeCMR">
        <test-method is-config="true" signature="setUp()[pri:0, instance:TestNGpractice.freeCMR@5403f35f]" started-at="2021-08-29T19:18:23 IST" name="setUp" description="Launching the URL" finished-at="2021-08-29T19:18:38 IST" duration-ms="15070" status="PASS">
          <reporter-output>
          </reporter-output>
        </test-method> <!-- setUp -->
        <test-method is-config="true" signature="setUp()[pri:0, instance:TestNGpractice.freeCMR@5403f35f]" started-at="2021-08-29T19:18:23 IST" name="setUp" description="Launching the URL" finished-at="2021-08-29T19:18:43 IST" duration-ms="20219" status="PASS">
          <reporter-output>
          </reporter-output>
        </test-method> <!-- setUp -->
        <test-method signature="verifyPageTitleTest()[pri:1, instance:TestNGpractice.freeCMR@5403f35f]" started-at="2021-08-29T19:18:38 IST" name="verifyPageTitleTest" finished-at="2021-08-29T19:18:43 IST" duration-ms="5156" status="PASS">
          <reporter-output>
          </reporter-output>
        </test-method> <!-- verifyPageTitleTest -->
        <test-method signature="verifyThePageLogo()[pri:2, instance:TestNGpractice.freeCMR@5403f35f]" started-at="2021-08-29T19:18:43 IST" name="verifyThePageLogo" finished-at="2021-08-29T19:18:44 IST" duration-ms="1385" status="FAIL">
          <exception class="org.openqa.selenium.NoSuchSessionException">
            <message>
              <![CDATA[invalid session id
Build info: version: '3.141.59', revision: 'e82be7d358', time: '2018-11-14T08:25:48'
System info: host: 'VAGI-PC', ip: '192.168.1.98', os.name: 'Windows 10', os.arch: 'amd64', os.version: '10.0', java.version: '15.0.2'
Driver info: org.openqa.selenium.chrome.ChromeDriver
Capabilities {acceptInsecureCerts: false, browserName: chrome, browserVersion: 92.0.4515.159, chrome: {chromedriverVersion: 91.0.4472.19 (1bf021f248676..., userDataDir: C:\Users\VAGI\AppData\Local...}, goog:chromeOptions: {debuggerAddress: localhost:64673}, javascriptEnabled: true, networkConnectionEnabled: false, pageLoadStrategy: normal, platform: WINDOWS, platformName: WINDOWS, proxy: Proxy(), setWindowRect: true, strictFileInteractability: false, timeouts: {implicit: 0, pageLoad: 300000, script: 30000}, unhandledPromptBehavior: dismiss and notify, webauthn:extension:largeBlob: true, webauthn:virtualAuthenticators: true}
Session ID: 22f20dea1164f39f277a1e9015c82743]]>
            </message>
            <full-stacktrace>
              <![CDATA[org.openqa.selenium.NoSuchSessionException: invalid session id
Build info: version: '3.141.59', revision: 'e82be7d358', time: '2018-11-14T08:25:48'
System info: host: 'VAGI-PC', ip: '192.168.1.98', os.name: 'Windows 10', os.arch: 'amd64', os.version: '10.0', java.version: '15.0.2'
Driver info: org.openqa.selenium.chrome.ChromeDriver
Capabilities {acceptInsecureCerts: false, browserName: chrome, browserVersion: 92.0.4515.159, chrome: {chromedriverVersion: 91.0.4472.19 (1bf021f248676..., userDataDir: C:\Users\VAGI\AppData\Local...}, goog:chromeOptions: {debuggerAddress: localhost:64673}, javascriptEnabled: true, networkConnectionEnabled: false, pageLoadStrategy: normal, platform: WINDOWS, platformName: WINDOWS, proxy: Proxy(), setWindowRect: true, strictFileInteractability: false, timeouts: {implicit: 0, pageLoad: 300000, script: 30000}, unhandledPromptBehavior: dismiss and notify, webauthn:extension:largeBlob: true, webauthn:virtualAuthenticators: true}
Session ID: 22f20dea1164f39f277a1e9015c82743
at java.base/jdk.internal.reflect.NativeConstructorAccessorImpl.newInstance0(Native Method)
at java.base/jdk.internal.reflect.NativeConstructorAccessorImpl.newInstance(NativeConstructorAccessorImpl.java:64)
at java.base/jdk.internal.reflect.DelegatingConstructorAccessorImpl.newInstance(DelegatingConstructorAccessorImpl.java:45)
at java.base/java.lang.reflect.Constructor.newInstanceWithCaller(Constructor.java:500)
at java.base/java.lang.reflect.Constructor.newInstance(Constructor.java:481)
at org.openqa.selenium.remote.http.W3CHttpResponseCodec.createException(W3CHttpResponseCodec.java:187)
at org.openqa.selenium.remote.http.W3CHttpResponseCodec.decode(W3CHttpResponseCodec.java:122)
at org.openqa.selenium.remote.http.W3CHttpResponseCodec.decode(W3CHttpResponseCodec.java:49)
at org.openqa.selenium.remote.HttpCommandExecutor.execute(HttpCommandExecutor.java:158)
at org.openqa.selenium.remote.service.DriverCommandExecutor.execute(DriverCommandExecutor.java:83)
at org.openqa.selenium.remote.RemoteWebDriver.execute(RemoteWebDriver.java:552)
at org.openqa.selenium.remote.RemoteWebElement.execute(RemoteWebElement.java:285)
at org.openqa.selenium.remote.RemoteWebElement.isDisplayed(RemoteWebElement.java:326)
at TestNGpractice.freeCMR.verifyThePageLogo(freeCMR.java:41)
at java.base/jdk.internal.reflect.NativeMethodAccessorImpl.invoke0(Native Method)
at java.base/jdk.internal.reflect.NativeMethodAccessorImpl.invoke(NativeMethodAccessorImpl.java:64)
at java.base/jdk.internal.reflect.DelegatingMethodAccessorImpl.invoke(DelegatingMethodAccessorImpl.java:43)
at java.base/java.lang.reflect.Method.invoke(Method.java:564)
at org.testng.internal.MethodInvocationHelper.invokeMethod(MethodInvocationHelper.java:133)
at org.testng.internal.TestInvoker.invokeMethod(TestInvoker.java:598)
at org.testng.internal.TestInvoker.invokeTestMethod(TestInvoker.java:173)
at org.testng.internal.MethodRunner.runInSequence(MethodRunner.java:46)
at org.testng.internal.TestInvoker$MethodInvocationAgent.invoke(TestInvoker.java:824)
at org.testng.internal.TestInvoker.invokeTestMethods(TestInvoker.java:146)
at org.testng.internal.TestMethodWorker.invokeTestMethods(TestMethodWorker.java:146)
at org.testng.internal.TestMethodWorker.run(TestMethodWorker.java:128)
at java.base/java.util.concurrent.ThreadPoolExecutor.runWorker(ThreadPoolExecutor.java:1130)
at java.base/java.util.concurrent.ThreadPoolExecutor$Worker.run(ThreadPoolExecutor.java:630)
at java.base/java.lang.Thread.run(Thread.java:832)
]]>
            </full-stacktrace>
          </exception> <!-- org.openqa.selenium.NoSuchSessionException -->
          <reporter-output>
          </reporter-output>
        </test-method> <!-- verifyThePageLogo -->
        <test-method is-config="true" signature="tearDown()[pri:0, instance:TestNGpractice.freeCMR@5403f35f]" started-at="2021-08-29T19:18:43 IST" name="tearDown" finished-at="2021-08-29T19:18:44 IST" duration-ms="1195" status="PASS">
          <reporter-output>
          </reporter-output>
        </test-method> <!-- tearDown -->
        <test-method is-config="true" signature="tearDown()[pri:0, instance:TestNGpractice.freeCMR@5403f35f]" started-at="2021-08-29T19:18:44 IST" name="tearDown" finished-at="2021-08-29T19:18:44 IST" duration-ms="3" status="FAIL">
          <exception class="org.openqa.selenium.NoSuchSessionException">
            <message>
              <![CDATA[invalid session id
Build info: version: '3.141.59', revision: 'e82be7d358', time: '2018-11-14T08:25:48'
System info: host: 'VAGI-PC', ip: '192.168.1.98', os.name: 'Windows 10', os.arch: 'amd64', os.version: '10.0', java.version: '15.0.2'
Driver info: org.openqa.selenium.chrome.ChromeDriver
Capabilities {acceptInsecureCerts: false, browserName: chrome, browserVersion: 92.0.4515.159, chrome: {chromedriverVersion: 91.0.4472.19 (1bf021f248676..., userDataDir: C:\Users\VAGI\AppData\Local...}, goog:chromeOptions: {debuggerAddress: localhost:64673}, javascriptEnabled: true, networkConnectionEnabled: false, pageLoadStrategy: normal, platform: WINDOWS, platformName: WINDOWS, proxy: Proxy(), setWindowRect: true, strictFileInteractability: false, timeouts: {implicit: 0, pageLoad: 300000, script: 30000}, unhandledPromptBehavior: dismiss and notify, webauthn:extension:largeBlob: true, webauthn:virtualAuthenticators: true}
Session ID: 22f20dea1164f39f277a1e9015c82743]]>
            </message>
            <full-stacktrace>
              <![CDATA[org.openqa.selenium.NoSuchSessionException: invalid session id
Build info: version: '3.141.59', revision: 'e82be7d358', time: '2018-11-14T08:25:48'
System info: host: 'VAGI-PC', ip: '192.168.1.98', os.name: 'Windows 10', os.arch: 'amd64', os.version: '10.0', java.version: '15.0.2'
Driver info: org.openqa.selenium.chrome.ChromeDriver
Capabilities {acceptInsecureCerts: false, browserName: chrome, browserVersion: 92.0.4515.159, chrome: {chromedriverVersion: 91.0.4472.19 (1bf021f248676..., userDataDir: C:\Users\VAGI\AppData\Local...}, goog:chromeOptions: {debuggerAddress: localhost:64673}, javascriptEnabled: true, networkConnectionEnabled: false, pageLoadStrategy: normal, platform: WINDOWS, platformName: WINDOWS, proxy: Proxy(), setWindowRect: true, strictFileInteractability: false, timeouts: {implicit: 0, pageLoad: 300000, script: 30000}, unhandledPromptBehavior: dismiss and notify, webauthn:extension:largeBlob: true, webauthn:virtualAuthenticators: true}
Session ID: 22f20dea1164f39f277a1e9015c82743
at java.base/jdk.internal.reflect.NativeConstructorAccessorImpl.newInstance0(Native Method)
at java.base/jdk.internal.reflect.NativeConstructorAccessorImpl.newInstance(NativeConstructorAccessorImpl.java:64)
at java.base/jdk.internal.reflect.DelegatingConstructorAccessorImpl.newInstance(DelegatingConstructorAccessorImpl.java:45)
at java.base/java.lang.reflect.Constructor.newInstanceWithCaller(Constructor.java:500)
at java.base/java.lang.reflect.Constructor.newInstance(Constructor.java:481)
at org.openqa.selenium.remote.http.W3CHttpResponseCodec.createException(W3CHttpResponseCodec.java:187)
at org.openqa.selenium.remote.http.W3CHttpResponseCodec.decode(W3CHttpResponseCodec.java:122)
at org.openqa.selenium.remote.http.W3CHttpResponseCodec.decode(W3CHttpResponseCodec.java:49)
at org.openqa.selenium.remote.HttpCommandExecutor.execute(HttpCommandExecutor.java:158)
at org.openqa.selenium.remote.service.DriverCommandExecutor.execute(DriverCommandExecutor.java:83)
at org.openqa.selenium.remote.RemoteWebDriver.execute(RemoteWebDriver.java:552)
at org.openqa.selenium.remote.RemoteWebDriver.execute(RemoteWebDriver.java:609)
at org.openqa.selenium.remote.RemoteWebDriver.close(RemoteWebDriver.java:442)
at TestNGpractice.freeCMR.tearDown(freeCMR.java:54)
at java.base/jdk.internal.reflect.NativeMethodAccessorImpl.invoke0(Native Method)
at java.base/jdk.internal.reflect.NativeMethodAccessorImpl.invoke(NativeMethodAccessorImpl.java:64)
at java.base/jdk.internal.reflect.DelegatingMethodAccessorImpl.invoke(DelegatingMethodAccessorImpl.java:43)
at java.base/java.lang.reflect.Method.invoke(Method.java:564)
at org.testng.internal.MethodInvocationHelper.invokeMethod(MethodInvocationHelper.java:133)
at org.testng.internal.MethodInvocationHelper.invokeMethodConsideringTimeout(MethodInvocationHelper.java:62)
at org.testng.internal.ConfigInvoker.invokeConfigurationMethod(ConfigInvoker.java:385)
at org.testng.internal.ConfigInvoker.invokeConfigurations(ConfigInvoker.java:321)
at org.testng.internal.TestInvoker.runConfigMethods(TestInvoker.java:700)
at org.testng.internal.TestInvoker.runAfterGroupsConfigurations(TestInvoker.java:676)
at org.testng.internal.TestInvoker.invokeMethod(TestInvoker.java:660)
at org.testng.internal.TestInvoker.invokeTestMethod(TestInvoker.java:173)
at org.testng.internal.MethodRunner.runInSequence(MethodRunner.java:46)
at org.testng.internal.TestInvoker$MethodInvocationAgent.invoke(TestInvoker.java:824)
at org.testng.internal.TestInvoker.invokeTestMethods(TestInvoker.java:146)
at org.testng.internal.TestMethodWorker.invokeTestMethods(TestMethodWorker.java:146)
at org.testng.internal.TestMethodWorker.run(TestMethodWorker.java:128)
at java.base/java.util.concurrent.ThreadPoolExecutor.runWorker(ThreadPoolExecutor.java:1130)
at java.base/java.util.concurrent.ThreadPoolExecutor$Worker.run(ThreadPoolExecutor.java:630)
at java.base/java.lang.Thread.run(Thread.java:832)
]]>
            </full-stacktrace>
          </exception> <!-- org.openqa.selenium.NoSuchSessionException -->
          <reporter-output>
          </reporter-output>
        </test-method> <!-- tearDown -->
      </class> <!-- TestNGpractice.freeCMR -->
      <class name="TestNGpractice.TestNGAnnotations">
        <test-method is-config="true" signature="beforeSuite()[pri:0, instance:TestNGpractice.TestNGAnnotations@7e5afaa6]" started-at="2021-08-29T19:18:23 IST" name="beforeSuite" finished-at="2021-08-29T19:18:23 IST" duration-ms="0" status="PASS">
          <reporter-output>
          </reporter-output>
        </test-method> <!-- beforeSuite -->
        <test-method is-config="true" signature="beforeTest()[pri:0, instance:TestNGpractice.TestNGAnnotations@7e5afaa6]" started-at="2021-08-29T19:18:23 IST" name="beforeTest" finished-at="2021-08-29T19:18:23 IST" duration-ms="1" status="PASS">
          <reporter-output>
          </reporter-output>
        </test-method> <!-- beforeTest -->
        <test-method is-config="true" signature="beforeClass()[pri:0, instance:TestNGpractice.TestNGAnnotations@7e5afaa6]" started-at="2021-08-29T19:18:23 IST" name="beforeClass" finished-at="2021-08-29T19:18:23 IST" duration-ms="0" status="PASS">
          <reporter-output>
          </reporter-output>
        </test-method> <!-- beforeClass -->
        <test-method is-config="true" signature="beforeMethod()[pri:0, instance:TestNGpractice.TestNGAnnotations@7e5afaa6]" started-at="2021-08-29T19:18:23 IST" name="beforeMethod" finished-at="2021-08-29T19:18:23 IST" duration-ms="0" status="PASS">
          <reporter-output>
          </reporter-output>
        </test-method> <!-- beforeMethod -->
        <test-method signature="testCase1()[pri:0, instance:TestNGpractice.TestNGAnnotations@7e5afaa6]" started-at="2021-08-29T19:18:23 IST" name="testCase1" finished-at="2021-08-29T19:18:23 IST" duration-ms="6" status="PASS">
          <reporter-output>
          </reporter-output>
        </test-method> <!-- testCase1 -->
        <test-method is-config="true" signature="afterMethod()[pri:0, instance:TestNGpractice.TestNGAnnotations@7e5afaa6]" started-at="2021-08-29T19:18:23 IST" name="afterMethod" finished-at="2021-08-29T19:18:23 IST" duration-ms="0" status="PASS">
          <reporter-output>
          </reporter-output>
        </test-method> <!-- afterMethod -->
        <test-method is-config="true" signature="afterClass()[pri:0, instance:TestNGpractice.TestNGAnnotations@7e5afaa6]" started-at="2021-08-29T19:18:23 IST" name="afterClass" finished-at="2021-08-29T19:18:23 IST" duration-ms="0" status="PASS">
          <reporter-output>
          </reporter-output>
        </test-method> <!-- afterClass -->
        <test-method is-config="true" signature="afterTest()[pri:0, instance:TestNGpractice.TestNGAnnotations@7e5afaa6]" started-at="2021-08-29T19:19:07 IST" name="afterTest" finished-at="2021-08-29T19:19:07 IST" duration-ms="0" status="PASS">
          <reporter-output>
          </reporter-output>
        </test-method> <!-- afterTest -->
        <test-method is-config="true" signature="afterSuite()[pri:0, instance:TestNGpractice.TestNGAnnotations@7e5afaa6]" started-at="2021-08-29T19:19:08 IST" name="afterSuite" finished-at="2021-08-29T19:19:08 IST" duration-ms="0" status="PASS">
          <reporter-output>
          </reporter-output>
        </test-method> <!-- afterSuite -->
      </class> <!-- TestNGpractice.TestNGAnnotations -->
      <class name="TestNGpractice.freeCRMLogIn">
        <test-method is-config="true" signature="setUp()[pri:0, instance:TestNGpractice.freeCRMLogIn@483f6d77]" started-at="2021-08-29T19:18:23 IST" name="setUp" description="Launching the URL" finished-at="2021-08-29T19:18:38 IST" duration-ms="15211" status="PASS">
          <reporter-output>
          </reporter-output>
        </test-method> <!-- setUp -->
        <test-method is-config="true" signature="setUp()[pri:0, instance:TestNGpractice.freeCRMLogIn@483f6d77]" started-at="2021-08-29T19:18:23 IST" name="setUp" description="Launching the URL" finished-at="2021-08-29T19:18:41 IST" duration-ms="18756" status="PASS">
          <reporter-output>
          </reporter-output>
        </test-method> <!-- setUp -->
        <test-method signature="verifyClickLogInPage()[pri:1, instance:TestNGpractice.freeCRMLogIn@483f6d77]" started-at="2021-08-29T19:18:38 IST" name="verifyClickLogInPage" finished-at="2021-08-29T19:19:05 IST" duration-ms="27038" status="PASS">
          <reporter-output>
          </reporter-output>
        </test-method> <!-- verifyClickLogInPage -->
        <test-method signature="verifyLogDetails()[pri:2, instance:TestNGpractice.freeCRMLogIn@483f6d77]" started-at="2021-08-29T19:18:41 IST" name="verifyLogDetails" finished-at="2021-08-29T19:19:03 IST" duration-ms="21501" status="FAIL">
          <exception class="org.openqa.selenium.NoSuchElementException">
            <message>
              <![CDATA[no such element: Unable to locate element: {"method":"css selector","selector":"input[placeholder='E-mail address']"}
  (Session info: chrome=92.0.4515.159)
For documentation on this error, please visit: https://www.seleniumhq.org/exceptions/no_such_element.html
Build info: version: '3.141.59', revision: 'e82be7d358', time: '2018-11-14T08:25:48'
System info: host: 'VAGI-PC', ip: '192.168.1.98', os.name: 'Windows 10', os.arch: 'amd64', os.version: '10.0', java.version: '15.0.2'
Driver info: org.openqa.selenium.chrome.ChromeDriver
Capabilities {acceptInsecureCerts: false, browserName: chrome, browserVersion: 92.0.4515.159, chrome: {chromedriverVersion: 91.0.4472.19 (1bf021f248676..., userDataDir: C:\Users\VAGI\AppData\Local...}, goog:chromeOptions: {debuggerAddress: localhost:64670}, javascriptEnabled: true, networkConnectionEnabled: false, pageLoadStrategy: normal, platform: WINDOWS, platformName: WINDOWS, proxy: Proxy(), setWindowRect: true, strictFileInteractability: false, timeouts: {implicit: 0, pageLoad: 300000, script: 30000}, unhandledPromptBehavior: dismiss and notify, webauthn:extension:largeBlob: true, webauthn:virtualAuthenticators: true}
Session ID: 76df014423df52004d571e96f8f463d4
*** Element info: {Using=css selector, value=input[placeholder='E-mail address']}]]>
            </message>
            <full-stacktrace>
              <![CDATA[org.openqa.selenium.NoSuchElementException: no such element: Unable to locate element: {"method":"css selector","selector":"input[placeholder='E-mail address']"}
  (Session info: chrome=92.0.4515.159)
For documentation on this error, please visit: https://www.seleniumhq.org/exceptions/no_such_element.html
Build info: version: '3.141.59', revision: 'e82be7d358', time: '2018-11-14T08:25:48'
System info: host: 'VAGI-PC', ip: '192.168.1.98', os.name: 'Windows 10', os.arch: 'amd64', os.version: '10.0', java.version: '15.0.2'
Driver info: org.openqa.selenium.chrome.ChromeDriver
Capabilities {acceptInsecureCerts: false, browserName: chrome, browserVersion: 92.0.4515.159, chrome: {chromedriverVersion: 91.0.4472.19 (1bf021f248676..., userDataDir: C:\Users\VAGI\AppData\Local...}, goog:chromeOptions: {debuggerAddress: localhost:64670}, javascriptEnabled: true, networkConnectionEnabled: false, pageLoadStrategy: normal, platform: WINDOWS, platformName: WINDOWS, proxy: Proxy(), setWindowRect: true, strictFileInteractability: false, timeouts: {implicit: 0, pageLoad: 300000, script: 30000}, unhandledPromptBehavior: dismiss and notify, webauthn:extension:largeBlob: true, webauthn:virtualAuthenticators: true}
Session ID: 76df014423df52004d571e96f8f463d4
*** Element info: {Using=css selector, value=input[placeholder='E-mail address']}
at java.base/jdk.internal.reflect.NativeConstructorAccessorImpl.newInstance0(Native Method)
at java.base/jdk.internal.reflect.NativeConstructorAccessorImpl.newInstance(NativeConstructorAccessorImpl.java:64)
at java.base/jdk.internal.reflect.DelegatingConstructorAccessorImpl.newInstance(DelegatingConstructorAccessorImpl.java:45)
at java.base/java.lang.reflect.Constructor.newInstanceWithCaller(Constructor.java:500)
at java.base/java.lang.reflect.Constructor.newInstance(Constructor.java:481)
at org.openqa.selenium.remote.http.W3CHttpResponseCodec.createException(W3CHttpResponseCodec.java:187)
at org.openqa.selenium.remote.http.W3CHttpResponseCodec.decode(W3CHttpResponseCodec.java:122)
at org.openqa.selenium.remote.http.W3CHttpResponseCodec.decode(W3CHttpResponseCodec.java:49)
at org.openqa.selenium.remote.HttpCommandExecutor.execute(HttpCommandExecutor.java:158)
at org.openqa.selenium.remote.service.DriverCommandExecutor.execute(DriverCommandExecutor.java:83)
at org.openqa.selenium.remote.RemoteWebDriver.execute(RemoteWebDriver.java:552)
at org.openqa.selenium.remote.RemoteWebDriver.findElement(RemoteWebDriver.java:323)
at org.openqa.selenium.remote.RemoteWebDriver.findElementByCssSelector(RemoteWebDriver.java:420)
at org.openqa.selenium.By$ByCssSelector.findElement(By.java:431)
at org.openqa.selenium.remote.RemoteWebDriver.findElement(RemoteWebDriver.java:315)
at TestNGpractice.freeCRMLogIn.verifyLogDetails(freeCRMLogIn.java:38)
at java.base/jdk.internal.reflect.NativeMethodAccessorImpl.invoke0(Native Method)
at java.base/jdk.internal.reflect.NativeMethodAccessorImpl.invoke(NativeMethodAccessorImpl.java:64)
at java.base/jdk.internal.reflect.DelegatingMethodAccessorImpl.invoke(DelegatingMethodAccessorImpl.java:43)
at java.base/java.lang.reflect.Method.invoke(Method.java:564)
at org.testng.internal.MethodInvocationHelper.invokeMethod(MethodInvocationHelper.java:133)
at org.testng.internal.TestInvoker.invokeMethod(TestInvoker.java:598)
at org.testng.internal.TestInvoker.invokeTestMethod(TestInvoker.java:173)
at org.testng.internal.MethodRunner.runInSequence(MethodRunner.java:46)
at org.testng.internal.TestInvoker$MethodInvocationAgent.invoke(TestInvoker.java:824)
at org.testng.internal.TestInvoker.invokeTestMethods(TestInvoker.java:146)
at org.testng.internal.TestMethodWorker.invokeTestMethods(TestMethodWorker.java:146)
at org.testng.internal.TestMethodWorker.run(TestMethodWorker.java:128)
at java.base/java.util.concurrent.ThreadPoolExecutor.runWorker(ThreadPoolExecutor.java:1130)
at java.base/java.util.concurrent.ThreadPoolExecutor$Worker.run(ThreadPoolExecutor.java:630)
at java.base/java.lang.Thread.run(Thread.java:832)
]]>
            </full-stacktrace>
          </exception> <!-- org.openqa.selenium.NoSuchElementException -->
          <reporter-output>
          </reporter-output>
        </test-method> <!-- verifyLogDetails -->
        <test-method is-config="true" signature="tearDown()[pri:0, instance:TestNGpractice.freeCRMLogIn@483f6d77]" started-at="2021-08-29T19:19:03 IST" name="tearDown" finished-at="2021-08-29T19:19:07 IST" duration-ms="4460" status="PASS">
          <reporter-output>
          </reporter-output>
        </test-method> <!-- tearDown -->
        <test-method is-config="true" signature="tearDown()[pri:0, instance:TestNGpractice.freeCRMLogIn@483f6d77]" started-at="2021-08-29T19:19:05 IST" name="tearDown" finished-at="2021-08-29T19:19:07 IST" duration-ms="2597" status="FAIL">
          <exception class="org.openqa.selenium.NoSuchSessionException">
            <message>
              <![CDATA[invalid session id
Build info: version: '3.141.59', revision: 'e82be7d358', time: '2018-11-14T08:25:48'
System info: host: 'VAGI-PC', ip: '192.168.1.98', os.name: 'Windows 10', os.arch: 'amd64', os.version: '10.0', java.version: '15.0.2'
Driver info: org.openqa.selenium.chrome.ChromeDriver
Capabilities {acceptInsecureCerts: false, browserName: chrome, browserVersion: 92.0.4515.159, chrome: {chromedriverVersion: 91.0.4472.19 (1bf021f248676..., userDataDir: C:\Users\VAGI\AppData\Local...}, goog:chromeOptions: {debuggerAddress: localhost:64670}, javascriptEnabled: true, networkConnectionEnabled: false, pageLoadStrategy: normal, platform: WINDOWS, platformName: WINDOWS, proxy: Proxy(), setWindowRect: true, strictFileInteractability: false, timeouts: {implicit: 0, pageLoad: 300000, script: 30000}, unhandledPromptBehavior: dismiss and notify, webauthn:extension:largeBlob: true, webauthn:virtualAuthenticators: true}
Session ID: 76df014423df52004d571e96f8f463d4]]>
            </message>
            <full-stacktrace>
              <![CDATA[org.openqa.selenium.NoSuchSessionException: invalid session id
Build info: version: '3.141.59', revision: 'e82be7d358', time: '2018-11-14T08:25:48'
System info: host: 'VAGI-PC', ip: '192.168.1.98', os.name: 'Windows 10', os.arch: 'amd64', os.version: '10.0', java.version: '15.0.2'
Driver info: org.openqa.selenium.chrome.ChromeDriver
Capabilities {acceptInsecureCerts: false, browserName: chrome, browserVersion: 92.0.4515.159, chrome: {chromedriverVersion: 91.0.4472.19 (1bf021f248676..., userDataDir: C:\Users\VAGI\AppData\Local...}, goog:chromeOptions: {debuggerAddress: localhost:64670}, javascriptEnabled: true, networkConnectionEnabled: false, pageLoadStrategy: normal, platform: WINDOWS, platformName: WINDOWS, proxy: Proxy(), setWindowRect: true, strictFileInteractability: false, timeouts: {implicit: 0, pageLoad: 300000, script: 30000}, unhandledPromptBehavior: dismiss and notify, webauthn:extension:largeBlob: true, webauthn:virtualAuthenticators: true}
Session ID: 76df014423df52004d571e96f8f463d4
at java.base/jdk.internal.reflect.NativeConstructorAccessorImpl.newInstance0(Native Method)
at java.base/jdk.internal.reflect.NativeConstructorAccessorImpl.newInstance(NativeConstructorAccessorImpl.java:64)
at java.base/jdk.internal.reflect.DelegatingConstructorAccessorImpl.newInstance(DelegatingConstructorAccessorImpl.java:45)
at java.base/java.lang.reflect.Constructor.newInstanceWithCaller(Constructor.java:500)
at java.base/java.lang.reflect.Constructor.newInstance(Constructor.java:481)
at org.openqa.selenium.remote.http.W3CHttpResponseCodec.createException(W3CHttpResponseCodec.java:187)
at org.openqa.selenium.remote.http.W3CHttpResponseCodec.decode(W3CHttpResponseCodec.java:122)
at org.openqa.selenium.remote.http.W3CHttpResponseCodec.decode(W3CHttpResponseCodec.java:49)
at org.openqa.selenium.remote.HttpCommandExecutor.execute(HttpCommandExecutor.java:158)
at org.openqa.selenium.remote.service.DriverCommandExecutor.execute(DriverCommandExecutor.java:83)
at org.openqa.selenium.remote.RemoteWebDriver.execute(RemoteWebDriver.java:552)
at org.openqa.selenium.remote.RemoteWebDriver.execute(RemoteWebDriver.java:609)
at org.openqa.selenium.remote.RemoteWebDriver.close(RemoteWebDriver.java:442)
at TestNGpractice.freeCRMLogIn.tearDown(freeCRMLogIn.java:51)
at java.base/jdk.internal.reflect.NativeMethodAccessorImpl.invoke0(Native Method)
at java.base/jdk.internal.reflect.NativeMethodAccessorImpl.invoke(NativeMethodAccessorImpl.java:64)
at java.base/jdk.internal.reflect.DelegatingMethodAccessorImpl.invoke(DelegatingMethodAccessorImpl.java:43)
at java.base/java.lang.reflect.Method.invoke(Method.java:564)
at org.testng.internal.MethodInvocationHelper.invokeMethod(MethodInvocationHelper.java:133)
at org.testng.internal.MethodInvocationHelper.invokeMethodConsideringTimeout(MethodInvocationHelper.java:62)
at org.testng.internal.ConfigInvoker.invokeConfigurationMethod(ConfigInvoker.java:385)
at org.testng.internal.ConfigInvoker.invokeConfigurations(ConfigInvoker.java:321)
at org.testng.internal.TestInvoker.runConfigMethods(TestInvoker.java:700)
at org.testng.internal.TestInvoker.runAfterGroupsConfigurations(TestInvoker.java:676)
at org.testng.internal.TestInvoker.invokeMethod(TestInvoker.java:660)
at org.testng.internal.TestInvoker.invokeTestMethod(TestInvoker.java:173)
at org.testng.internal.MethodRunner.runInSequence(MethodRunner.java:46)
at org.testng.internal.TestInvoker$MethodInvocationAgent.invoke(TestInvoker.java:824)
at org.testng.internal.TestInvoker.invokeTestMethods(TestInvoker.java:146)
at org.testng.internal.TestMethodWorker.invokeTestMethods(TestMethodWorker.java:146)
at org.testng.internal.TestMethodWorker.run(TestMethodWorker.java:128)
at java.base/java.util.concurrent.ThreadPoolExecutor.runWorker(ThreadPoolExecutor.java:1130)
at java.base/java.util.concurrent.ThreadPoolExecutor$Worker.run(ThreadPoolExecutor.java:630)
at java.base/java.lang.Thread.run(Thread.java:832)
]]>
            </full-stacktrace>
          </exception> <!-- org.openqa.selenium.NoSuchSessionException -->
          <reporter-output>
          </reporter-output>
        </test-method> <!-- tearDown -->
      </class> <!-- TestNGpractice.freeCRMLogIn -->
      <class name="TestNGpractice.Demo1">
        <test-method is-config="true" signature="day4()[pri:0, instance:TestNGpractice.Demo1@50b5ac82]" started-at="2021-08-29T19:18:23 IST" name="day4" finished-at="2021-08-29T19:18:23 IST" duration-ms="6" status="PASS">
          <reporter-output>
          </reporter-output>
        </test-method> <!-- day4 -->
        <test-method is-config="true" signature="day3()[pri:0, instance:TestNGpractice.Demo1@50b5ac82]" started-at="2021-08-29T19:18:23 IST" name="day3" finished-at="2021-08-29T19:18:23 IST" duration-ms="0" status="PASS">
          <reporter-output>
          </reporter-output>
        </test-method> <!-- day3 -->
        <test-method is-config="true" signature="day1()[pri:0, instance:TestNGpractice.Demo1@50b5ac82]" started-at="2021-08-29T19:19:08 IST" name="day1" finished-at="2021-08-29T19:19:08 IST" duration-ms="1" status="PASS">
          <reporter-output>
          </reporter-output>
        </test-method> <!-- day1 -->
      </class> <!-- TestNGpractice.Demo1 -->
      <class name="TestNGpractice.demo3">
        <test-method signature="test1()[pri:0, instance:TestNGpractice.demo3@10d307f1]" started-at="2021-08-29T19:18:23 IST" name="test1" finished-at="2021-08-29T19:18:23 IST" duration-ms="15" status="PASS">
          <reporter-output>
          </reporter-output>
        </test-method> <!-- test1 -->
        <test-method signature="test3()[pri:0, instance:TestNGpractice.demo3@10d307f1]" started-at="2021-08-29T19:18:23 IST" name="test3" finished-at="2021-08-29T19:18:23 IST" duration-ms="1" status="PASS">
          <reporter-output>
          </reporter-output>
        </test-method> <!-- test3 -->
        <test-method signature="test4()[pri:0, instance:TestNGpractice.demo3@10d307f1]" started-at="2021-08-29T19:18:23 IST" name="test4" finished-at="2021-08-29T19:18:23 IST" duration-ms="11" status="PASS">
          <reporter-output>
          </reporter-output>
        </test-method> <!-- test4 -->
        <test-method is-config="true" signature="test2()[pri:0, instance:TestNGpractice.demo3@10d307f1]" started-at="2021-08-29T19:19:07 IST" name="test2" finished-at="2021-08-29T19:19:07 IST" duration-ms="0" status="PASS">
          <reporter-output>
          </reporter-output>
        </test-method> <!-- test2 -->
      </class> <!-- TestNGpractice.demo3 -->
      <class name="TestNGpractice.Testngdemo">
        <test-method signature="demo1()[pri:0, instance:TestNGpractice.Testngdemo@63a12c68]" started-at="2021-08-29T19:18:23 IST" name="demo1" finished-at="2021-08-29T19:18:23 IST" duration-ms="6" status="PASS">
          <reporter-output>
          </reporter-output>
        </test-method> <!-- demo1 -->
      </class> <!-- TestNGpractice.Testngdemo -->
      <class name="TestNGpractice.demo4">
        <test-method signature="Beforemethod2()[pri:0, instance:TestNGpractice.demo4@4a7f959b]" started-at="2021-08-29T19:18:23 IST" name="Beforemethod2" finished-at="2021-08-29T19:18:23 IST" duration-ms="9" status="PASS">
          <reporter-output>
          </reporter-output>
        </test-method> <!-- Beforemethod2 -->
        <test-method signature="Beforemethod()[pri:0, instance:TestNGpractice.demo4@4a7f959b]" started-at="2021-08-29T19:18:23 IST" name="Beforemethod" finished-at="2021-08-29T19:18:23 IST" duration-ms="6" status="PASS">
          <reporter-output>
          </reporter-output>
        </test-method> <!-- Beforemethod -->
        <test-method signature="Beforemethod1()[pri:0, instance:TestNGpractice.demo4@4a7f959b]" started-at="2021-08-29T19:18:23 IST" name="Beforemethod1" finished-at="2021-08-29T19:18:23 IST" duration-ms="7" status="PASS">
          <reporter-output>
          </reporter-output>
        </test-method> <!-- Beforemethod1 -->
        <test-method signature="Beforemethod4()[pri:0, instance:TestNGpractice.demo4@4a7f959b]" started-at="2021-08-29T19:18:23 IST" name="Beforemethod4" finished-at="2021-08-29T19:18:23 IST" duration-ms="8" status="PASS">
          <reporter-output>
          </reporter-output>
        </test-method> <!-- Beforemethod4 -->
        <test-method signature="Beforemethod3()[pri:0, instance:TestNGpractice.demo4@4a7f959b]" started-at="2021-08-29T19:18:23 IST" name="Beforemethod3" finished-at="2021-08-29T19:18:23 IST" duration-ms="4" status="PASS">
          <reporter-output>
          </reporter-output>
        </test-method> <!-- Beforemethod3 -->
        <test-method signature="Beforemethod5()[pri:0, instance:TestNGpractice.demo4@4a7f959b]" started-at="2021-08-29T19:18:23 IST" name="Beforemethod5" finished-at="2021-08-29T19:18:23 IST" duration-ms="1" status="PASS">
          <reporter-output>
          </reporter-output>
        </test-method> <!-- Beforemethod5 -->
        <test-method signature="Beforemethod7()[pri:0, instance:TestNGpractice.demo4@4a7f959b]" started-at="2021-08-29T19:18:23 IST" name="Beforemethod7" finished-at="2021-08-29T19:18:23 IST" duration-ms="1" status="PASS">
          <reporter-output>
          </reporter-output>
        </test-method> <!-- Beforemethod7 -->
        <test-method signature="Beforemethod6()[pri:0, instance:TestNGpractice.demo4@4a7f959b]" started-at="2021-08-29T19:18:23 IST" name="Beforemethod6" finished-at="2021-08-29T19:18:23 IST" duration-ms="2" status="PASS">
          <reporter-output>
          </reporter-output>
        </test-method> <!-- Beforemethod6 -->
      </class> <!-- TestNGpractice.demo4 -->
      <class name="TestNGpractice.demo5">
        <test-method signature="TestCase5()[pri:1, instance:TestNGpractice.demo5@429bffaa]" started-at="2021-08-29T19:18:23 IST" name="TestCase5" description="T1" finished-at="2021-08-29T19:18:23 IST" duration-ms="4" status="PASS">
          <reporter-output>
          </reporter-output>
        </test-method> <!-- TestCase5 -->
        <test-method signature="TestCase4()[pri:2, instance:TestNGpractice.demo5@429bffaa]" started-at="2021-08-29T19:18:23 IST" name="TestCase4" description="T2" finished-at="2021-08-29T19:18:23 IST" duration-ms="1" status="PASS">
          <reporter-output>
          </reporter-output>
        </test-method> <!-- TestCase4 -->
        <test-method signature="TestCase3()[pri:3, instance:TestNGpractice.demo5@429bffaa]" started-at="2021-08-29T19:18:23 IST" name="TestCase3" description="T3" finished-at="2021-08-29T19:18:23 IST" duration-ms="1" status="PASS">
          <reporter-output>
          </reporter-output>
        </test-method> <!-- TestCase3 -->
        <test-method signature="TestCase2()[pri:4, instance:TestNGpractice.demo5@429bffaa]" started-at="2021-08-29T19:18:23 IST" name="TestCase2" description="T4" finished-at="2021-08-29T19:18:23 IST" duration-ms="0" status="PASS">
          <reporter-output>
          </reporter-output>
        </test-method> <!-- TestCase2 -->
        <test-method signature="TestCase1()[pri:5, instance:TestNGpractice.demo5@429bffaa]" started-at="2021-08-29T19:18:23 IST" name="TestCase1" description="T5" finished-at="2021-08-29T19:18:23 IST" duration-ms="1" status="PASS">
          <reporter-output>
          </reporter-output>
        </test-method> <!-- TestCase1 -->
      </class> <!-- TestNGpractice.demo5 -->
    </test> <!-- Test -->
  </suite> <!-- Suite -->
</testng-results>
